INFO  started: Metals version 0.8.1 in workspace 'C:\Users\It_Co\Documents\GitHub\scala\scala-the-big-picture'
INFO  time: initialize in 1.19s
WARN  no build tool detected in workspace 'C:\Users\It_Co\Documents\GitHub\scala\scala-the-big-picture'. The most common cause for this problem is that the editor was opened in the wrong working directory, for example if you use sbt then the workspace directory should contain build.sbt. 
WARN  no build target for: C:\Users\It_Co\Documents\GitHub\scala\scala-the-big-picture\src\first.scala
Mar 04, 2020 12:53:35 PM org.eclipse.lsp4j.jsonrpc.services.GenericEndpoint notify
INFO: Unsupported notification method: $/setTraceNotification
WARN  no build target for: C:\Users\It_Co\Documents\GitHub\scala\scala-the-big-picture\src\first.scala
INFO  no build target: using presentation compiler with only scala-library
Mar 04, 2020 12:59:53 PM org.eclipse.lsp4j.jsonrpc.services.GenericEndpoint notify
INFO: Unsupported notification method: $/setTraceNotification
Mar 04, 2020 1:00:28 PM org.eclipse.lsp4j.jsonrpc.services.GenericEndpoint notify
INFO: Unsupported notification method: $/setTraceNotification
INFO  shutting down Metals
INFO  started: Metals version 0.8.1 in workspace 'C:\Users\It_Co\Documents\GitHub\scala\scala-the-big-picture'
INFO  time: initialize in 1.53s
WARN  no build tool detected in workspace 'C:\Users\It_Co\Documents\GitHub\scala\scala-the-big-picture'. The most common cause for this problem is that the editor was opened in the wrong working directory, for example if you use sbt then the workspace directory should contain build.sbt. 
WARN  no build target for: C:\Users\It_Co\Documents\GitHub\scala\scala-the-big-picture\src\first.scala
INFO  no build target: using presentation compiler with only scala-library
WARN  no build target for: C:\Users\It_Co\Documents\GitHub\scala\scala-the-big-picture\src\first.scala
WARN  no build tool detected in workspace 'C:\Users\It_Co\Documents\GitHub\scala\scala-the-big-picture'. The most common cause for this problem is that the editor was opened in the wrong working directory, for example if you use sbt then the workspace directory should contain build.sbt. 
WARN  no build tool detected in workspace 'C:\Users\It_Co\Documents\GitHub\scala\scala-the-big-picture'. The most common cause for this problem is that the editor was opened in the wrong working directory, for example if you use sbt then the workspace directory should contain build.sbt. 
WARN  no build tool detected in workspace 'C:\Users\It_Co\Documents\GitHub\scala\scala-the-big-picture'. The most common cause for this problem is that the editor was opened in the wrong working directory, for example if you use sbt then the workspace directory should contain build.sbt. 
WARN  no build tool detected in workspace 'C:\Users\It_Co\Documents\GitHub\scala\scala-the-big-picture'. The most common cause for this problem is that the editor was opened in the wrong working directory, for example if you use sbt then the workspace directory should contain build.sbt. 
WARN  no build tool detected in workspace 'C:\Users\It_Co\Documents\GitHub\scala\scala-the-big-picture'. The most common cause for this problem is that the editor was opened in the wrong working directory, for example if you use sbt then the workspace directory should contain build.sbt. 
WARN  no build tool detected in workspace 'C:\Users\It_Co\Documents\GitHub\scala\scala-the-big-picture'. The most common cause for this problem is that the editor was opened in the wrong working directory, for example if you use sbt then the workspace directory should contain build.sbt. 
WARN  no build tool detected in workspace 'C:\Users\It_Co\Documents\GitHub\scala\scala-the-big-picture'. The most common cause for this problem is that the editor was opened in the wrong working directory, for example if you use sbt then the workspace directory should contain build.sbt. 
WARN  no build tool detected in workspace 'C:\Users\It_Co\Documents\GitHub\scala\scala-the-big-picture'. The most common cause for this problem is that the editor was opened in the wrong working directory, for example if you use sbt then the workspace directory should contain build.sbt. 
WARN  no build tool detected in workspace 'C:\Users\It_Co\Documents\GitHub\scala\scala-the-big-picture'. The most common cause for this problem is that the editor was opened in the wrong working directory, for example if you use sbt then the workspace directory should contain build.sbt. 
WARN  no build tool detected in workspace 'C:\Users\It_Co\Documents\GitHub\scala\scala-the-big-picture'. The most common cause for this problem is that the editor was opened in the wrong working directory, for example if you use sbt then the workspace directory should contain build.sbt. 
WARN  no build tool detected in workspace 'C:\Users\It_Co\Documents\GitHub\scala\scala-the-big-picture'. The most common cause for this problem is that the editor was opened in the wrong working directory, for example if you use sbt then the workspace directory should contain build.sbt. 
WARN  no build tool detected in workspace 'C:\Users\It_Co\Documents\GitHub\scala\scala-the-big-picture'. The most common cause for this problem is that the editor was opened in the wrong working directory, for example if you use sbt then the workspace directory should contain build.sbt. 
WARN  no build tool detected in workspace 'C:\Users\It_Co\Documents\GitHub\scala\scala-the-big-picture'. The most common cause for this problem is that the editor was opened in the wrong working directory, for example if you use sbt then the workspace directory should contain build.sbt. 
WARN  no build tool detected in workspace 'C:\Users\It_Co\Documents\GitHub\scala\scala-the-big-picture'. The most common cause for this problem is that the editor was opened in the wrong working directory, for example if you use sbt then the workspace directory should contain build.sbt. 
WARN  no build tool detected in workspace 'C:\Users\It_Co\Documents\GitHub\scala\scala-the-big-picture'. The most common cause for this problem is that the editor was opened in the wrong working directory, for example if you use sbt then the workspace directory should contain build.sbt. 
WARN  no build tool detected in workspace 'C:\Users\It_Co\Documents\GitHub\scala\scala-the-big-picture'. The most common cause for this problem is that the editor was opened in the wrong working directory, for example if you use sbt then the workspace directory should contain build.sbt. 
WARN  no build tool detected in workspace 'C:\Users\It_Co\Documents\GitHub\scala\scala-the-big-picture'. The most common cause for this problem is that the editor was opened in the wrong working directory, for example if you use sbt then the workspace directory should contain build.sbt. 
WARN  no build tool detected in workspace 'C:\Users\It_Co\Documents\GitHub\scala\scala-the-big-picture'. The most common cause for this problem is that the editor was opened in the wrong working directory, for example if you use sbt then the workspace directory should contain build.sbt. 
WARN  no build tool detected in workspace 'C:\Users\It_Co\Documents\GitHub\scala\scala-the-big-picture'. The most common cause for this problem is that the editor was opened in the wrong working directory, for example if you use sbt then the workspace directory should contain build.sbt. 
WARN  no build tool detected in workspace 'C:\Users\It_Co\Documents\GitHub\scala\scala-the-big-picture'. The most common cause for this problem is that the editor was opened in the wrong working directory, for example if you use sbt then the workspace directory should contain build.sbt. 
WARN  no build tool detected in workspace 'C:\Users\It_Co\Documents\GitHub\scala\scala-the-big-picture'. The most common cause for this problem is that the editor was opened in the wrong working directory, for example if you use sbt then the workspace directory should contain build.sbt. 
WARN  no build tool detected in workspace 'C:\Users\It_Co\Documents\GitHub\scala\scala-the-big-picture'. The most common cause for this problem is that the editor was opened in the wrong working directory, for example if you use sbt then the workspace directory should contain build.sbt. 
WARN  no build tool detected in workspace 'C:\Users\It_Co\Documents\GitHub\scala\scala-the-big-picture'. The most common cause for this problem is that the editor was opened in the wrong working directory, for example if you use sbt then the workspace directory should contain build.sbt. 
WARN  no build tool detected in workspace 'C:\Users\It_Co\Documents\GitHub\scala\scala-the-big-picture'. The most common cause for this problem is that the editor was opened in the wrong working directory, for example if you use sbt then the workspace directory should contain build.sbt. 
WARN  no build tool detected in workspace 'C:\Users\It_Co\Documents\GitHub\scala\scala-the-big-picture'. The most common cause for this problem is that the editor was opened in the wrong working directory, for example if you use sbt then the workspace directory should contain build.sbt. 
WARN  no build tool detected in workspace 'C:\Users\It_Co\Documents\GitHub\scala\scala-the-big-picture'. The most common cause for this problem is that the editor was opened in the wrong working directory, for example if you use sbt then the workspace directory should contain build.sbt. 
WARN  no build tool detected in workspace 'C:\Users\It_Co\Documents\GitHub\scala\scala-the-big-picture'. The most common cause for this problem is that the editor was opened in the wrong working directory, for example if you use sbt then the workspace directory should contain build.sbt. 
WARN  no build tool detected in workspace 'C:\Users\It_Co\Documents\GitHub\scala\scala-the-big-picture'. The most common cause for this problem is that the editor was opened in the wrong working directory, for example if you use sbt then the workspace directory should contain build.sbt. 
WARN  no build tool detected in workspace 'C:\Users\It_Co\Documents\GitHub\scala\scala-the-big-picture'. The most common cause for this problem is that the editor was opened in the wrong working directory, for example if you use sbt then the workspace directory should contain build.sbt. 
WARN  no build tool detected in workspace 'C:\Users\It_Co\Documents\GitHub\scala\scala-the-big-picture'. The most common cause for this problem is that the editor was opened in the wrong working directory, for example if you use sbt then the workspace directory should contain build.sbt. 
WARN  no build tool detected in workspace 'C:\Users\It_Co\Documents\GitHub\scala\scala-the-big-picture'. The most common cause for this problem is that the editor was opened in the wrong working directory, for example if you use sbt then the workspace directory should contain build.sbt. 
WARN  no build tool detected in workspace 'C:\Users\It_Co\Documents\GitHub\scala\scala-the-big-picture'. The most common cause for this problem is that the editor was opened in the wrong working directory, for example if you use sbt then the workspace directory should contain build.sbt. 
WARN  no build tool detected in workspace 'C:\Users\It_Co\Documents\GitHub\scala\scala-the-big-picture'. The most common cause for this problem is that the editor was opened in the wrong working directory, for example if you use sbt then the workspace directory should contain build.sbt. 
WARN  no build tool detected in workspace 'C:\Users\It_Co\Documents\GitHub\scala\scala-the-big-picture'. The most common cause for this problem is that the editor was opened in the wrong working directory, for example if you use sbt then the workspace directory should contain build.sbt. 
WARN  no build tool detected in workspace 'C:\Users\It_Co\Documents\GitHub\scala\scala-the-big-picture'. The most common cause for this problem is that the editor was opened in the wrong working directory, for example if you use sbt then the workspace directory should contain build.sbt. 
WARN  no build tool detected in workspace 'C:\Users\It_Co\Documents\GitHub\scala\scala-the-big-picture'. The most common cause for this problem is that the editor was opened in the wrong working directory, for example if you use sbt then the workspace directory should contain build.sbt. 
WARN  no build tool detected in workspace 'C:\Users\It_Co\Documents\GitHub\scala\scala-the-big-picture'. The most common cause for this problem is that the editor was opened in the wrong working directory, for example if you use sbt then the workspace directory should contain build.sbt. 
WARN  no build tool detected in workspace 'C:\Users\It_Co\Documents\GitHub\scala\scala-the-big-picture'. The most common cause for this problem is that the editor was opened in the wrong working directory, for example if you use sbt then the workspace directory should contain build.sbt. 
WARN  no build target for: C:\Users\It_Co\Documents\GitHub\scala\scala-the-big-picture\src\first.scala
WARN  no build tool detected in workspace 'C:\Users\It_Co\Documents\GitHub\scala\scala-the-big-picture'. The most common cause for this problem is that the editor was opened in the wrong working directory, for example if you use sbt then the workspace directory should contain build.sbt. 
WARN  no build tool detected in workspace 'C:\Users\It_Co\Documents\GitHub\scala\scala-the-big-picture'. The most common cause for this problem is that the editor was opened in the wrong working directory, for example if you use sbt then the workspace directory should contain build.sbt. 
WARN  no build tool detected in workspace 'C:\Users\It_Co\Documents\GitHub\scala\scala-the-big-picture'. The most common cause for this problem is that the editor was opened in the wrong working directory, for example if you use sbt then the workspace directory should contain build.sbt. 
WARN  no build tool detected in workspace 'C:\Users\It_Co\Documents\GitHub\scala\scala-the-big-picture'. The most common cause for this problem is that the editor was opened in the wrong working directory, for example if you use sbt then the workspace directory should contain build.sbt. 
WARN  no build target for: C:\Users\It_Co\Documents\GitHub\scala\scala-the-big-picture\src\first.scala
WARN  no build tool detected in workspace 'C:\Users\It_Co\Documents\GitHub\scala\scala-the-big-picture'. The most common cause for this problem is that the editor was opened in the wrong working directory, for example if you use sbt then the workspace directory should contain build.sbt. 
WARN  no build tool detected in workspace 'C:\Users\It_Co\Documents\GitHub\scala\scala-the-big-picture'. The most common cause for this problem is that the editor was opened in the wrong working directory, for example if you use sbt then the workspace directory should contain build.sbt. 
WARN  no build tool detected in workspace 'C:\Users\It_Co\Documents\GitHub\scala\scala-the-big-picture'. The most common cause for this problem is that the editor was opened in the wrong working directory, for example if you use sbt then the workspace directory should contain build.sbt. 
WARN  no build tool detected in workspace 'C:\Users\It_Co\Documents\GitHub\scala\scala-the-big-picture'. The most common cause for this problem is that the editor was opened in the wrong working directory, for example if you use sbt then the workspace directory should contain build.sbt. 
WARN  no build tool detected in workspace 'C:\Users\It_Co\Documents\GitHub\scala\scala-the-big-picture'. The most common cause for this problem is that the editor was opened in the wrong working directory, for example if you use sbt then the workspace directory should contain build.sbt. 
WARN  no build tool detected in workspace 'C:\Users\It_Co\Documents\GitHub\scala\scala-the-big-picture'. The most common cause for this problem is that the editor was opened in the wrong working directory, for example if you use sbt then the workspace directory should contain build.sbt. 
WARN  no build target for: C:\Users\It_Co\Documents\GitHub\scala\scala-the-big-picture\src\first.scala
Mar 04, 2020 8:19:07 PM scala.meta.internal.pc.CompilerAccess retryWithCleanCompiler
INFO: compiler crashed due to an error in the Scala compiler, retrying with new compiler instance.
Mar 04, 2020 8:19:07 PM scala.meta.internal.pc.CompilerAccess handleError
SEVERE: implicit class <error> extends  (of class scala.reflect.internal.Trees$ClassDef)
scala.MatchError: implicit class <error> extends  (of class scala.reflect.internal.Trees$ClassDef)
	at scala.tools.nsc.typechecker.Unapplies.constrParamss(Unapplies.scala:64)
	at scala.tools.nsc.typechecker.Unapplies.factoryMeth(Unapplies.scala:141)
	at scala.tools.nsc.typechecker.Unapplies.factoryMeth$(Unapplies.scala:138)
	at scala.meta.internal.pc.MetalsGlobal$MetalsInteractiveAnalyzer.factoryMeth(MetalsGlobal.scala:52)
	at scala.tools.nsc.typechecker.MethodSynthesis$MethodSynth.enterImplicitWrapper(MethodSynthesis.scala:229)
	at scala.tools.nsc.typechecker.MethodSynthesis$MethodSynth.enterImplicitWrapper$(MethodSynthesis.scala:228)
	at scala.tools.nsc.typechecker.Namers$Namer.enterImplicitWrapper(Namers.scala:58)
	at scala.tools.nsc.interactive.InteractiveAnalyzer$InteractiveNamer.enterExistingSym(Global.scala:94)
	at scala.tools.nsc.interactive.InteractiveAnalyzer$InteractiveNamer.enterExistingSym$(Global.scala:80)
	at scala.tools.nsc.interactive.InteractiveAnalyzer$$anon$2.enterExistingSym(Global.scala:51)
	at scala.tools.nsc.typechecker.Namers$Namer.standardEnterSym(Namers.scala:298)
	at scala.tools.nsc.typechecker.AnalyzerPlugins.pluginsEnterSym(AnalyzerPlugins.scala:479)
	at scala.tools.nsc.typechecker.AnalyzerPlugins.pluginsEnterSym$(AnalyzerPlugins.scala:478)
	at scala.meta.internal.pc.MetalsGlobal$MetalsInteractiveAnalyzer.pluginsEnterSym(MetalsGlobal.scala:52)
	at scala.tools.nsc.typechecker.Namers$Namer.enterSym(Namers.scala:272)
	at scala.tools.nsc.typechecker.Typers$Typer.enterSym(Typers.scala:1929)
	at scala.tools.nsc.typechecker.Typers$Typer.$anonfun$enterSyms$1(Typers.scala:1924)
	at scala.tools.nsc.typechecker.Typers$Typer.enterSyms(Typers.scala:1924)
	at scala.tools.nsc.typechecker.Typers$Typer.typedTemplate(Typers.scala:1986)
	at scala.tools.nsc.typechecker.Typers$Typer.typedModuleDef(Typers.scala:1879)
	at scala.tools.nsc.typechecker.Typers$Typer.typed1(Typers.scala:5637)
	at scala.tools.nsc.typechecker.Typers$Typer.typed(Typers.scala:5716)
	at scala.tools.nsc.typechecker.Typers$Typer.typedStat$1(Typers.scala:5780)
	at scala.tools.nsc.typechecker.Typers$Typer.$anonfun$typedStats$10(Typers.scala:3353)
	at scala.tools.nsc.typechecker.Typers$Typer.typedStats(Typers.scala:3353)
	at scala.tools.nsc.typechecker.Typers$Typer.typedPackageDef$1(Typers.scala:5346)
	at scala.tools.nsc.typechecker.Typers$Typer.typed1(Typers.scala:5639)
	at scala.tools.nsc.typechecker.Typers$Typer.typed(Typers.scala:5716)
	at scala.tools.nsc.typechecker.Analyzer$typerFactory$TyperPhase.apply(Analyzer.scala:114)
	at scala.tools.nsc.Global$GlobalPhase.applyPhase(Global.scala:453)
	at scala.tools.nsc.interactive.Global$TyperRun.$anonfun$applyPhase$1(Global.scala:1340)
	at scala.tools.nsc.interactive.Global$TyperRun.applyPhase(Global.scala:1340)
	at scala.tools.nsc.interactive.Global$TyperRun.typeCheck(Global.scala:1333)
	at scala.tools.nsc.interactive.Global.typeCheck(Global.scala:665)
	at scala.tools.nsc.interactive.Global.typedTreeAt(Global.scala:814)
	at scala.tools.nsc.interactive.Global.completionsAt(Global.scala:1225)
	at scala.meta.internal.pc.CompletionProvider.safeCompletionsAt(CompletionProvider.scala:369)
	at scala.meta.internal.pc.CompletionProvider.completions(CompletionProvider.scala:52)

Mar 04, 2020 8:19:07 PM scala.meta.internal.pc.CompilerAccess retryWithCleanCompiler
INFO: compiler crashed due to an error in the Scala compiler, retrying with new compiler instance.
Mar 04, 2020 8:19:07 PM scala.meta.internal.pc.CompilerAccess handleError
SEVERE: implicit class <error> extends  (of class scala.reflect.internal.Trees$ClassDef)
scala.MatchError: implicit class <error> extends  (of class scala.reflect.internal.Trees$ClassDef)
	at scala.tools.nsc.typechecker.Unapplies.constrParamss(Unapplies.scala:64)
	at scala.tools.nsc.typechecker.Unapplies.factoryMeth(Unapplies.scala:141)
	at scala.tools.nsc.typechecker.Unapplies.factoryMeth$(Unapplies.scala:138)
	at scala.meta.internal.pc.MetalsGlobal$MetalsInteractiveAnalyzer.factoryMeth(MetalsGlobal.scala:52)
	at scala.tools.nsc.typechecker.MethodSynthesis$MethodSynth.enterImplicitWrapper(MethodSynthesis.scala:229)
	at scala.tools.nsc.typechecker.MethodSynthesis$MethodSynth.enterImplicitWrapper$(MethodSynthesis.scala:228)
	at scala.tools.nsc.typechecker.Namers$Namer.enterImplicitWrapper(Namers.scala:58)
	at scala.tools.nsc.interactive.InteractiveAnalyzer$InteractiveNamer.enterExistingSym(Global.scala:94)
	at scala.tools.nsc.interactive.InteractiveAnalyzer$InteractiveNamer.enterExistingSym$(Global.scala:80)
	at scala.tools.nsc.interactive.InteractiveAnalyzer$$anon$2.enterExistingSym(Global.scala:51)
	at scala.tools.nsc.typechecker.Namers$Namer.standardEnterSym(Namers.scala:298)
	at scala.tools.nsc.typechecker.AnalyzerPlugins.pluginsEnterSym(AnalyzerPlugins.scala:479)
	at scala.tools.nsc.typechecker.AnalyzerPlugins.pluginsEnterSym$(AnalyzerPlugins.scala:478)
	at scala.meta.internal.pc.MetalsGlobal$MetalsInteractiveAnalyzer.pluginsEnterSym(MetalsGlobal.scala:52)
	at scala.tools.nsc.typechecker.Namers$Namer.enterSym(Namers.scala:272)
	at scala.tools.nsc.typechecker.Typers$Typer.enterSym(Typers.scala:1929)
	at scala.tools.nsc.typechecker.Typers$Typer.$anonfun$enterSyms$1(Typers.scala:1924)
	at scala.tools.nsc.typechecker.Typers$Typer.enterSyms(Typers.scala:1924)
	at scala.tools.nsc.typechecker.Typers$Typer.typedTemplate(Typers.scala:1986)
	at scala.tools.nsc.typechecker.Typers$Typer.typedModuleDef(Typers.scala:1879)
	at scala.tools.nsc.typechecker.Typers$Typer.typed1(Typers.scala:5637)
	at scala.tools.nsc.typechecker.Typers$Typer.typed(Typers.scala:5716)
	at scala.tools.nsc.typechecker.Typers$Typer.typedStat$1(Typers.scala:5780)
	at scala.tools.nsc.typechecker.Typers$Typer.$anonfun$typedStats$10(Typers.scala:3353)
	at scala.tools.nsc.typechecker.Typers$Typer.typedStats(Typers.scala:3353)
	at scala.tools.nsc.typechecker.Typers$Typer.typedPackageDef$1(Typers.scala:5346)
	at scala.tools.nsc.typechecker.Typers$Typer.typed1(Typers.scala:5639)
	at scala.tools.nsc.typechecker.Typers$Typer.typed(Typers.scala:5716)
	at scala.tools.nsc.typechecker.Analyzer$typerFactory$TyperPhase.apply(Analyzer.scala:114)
	at scala.tools.nsc.Global$GlobalPhase.applyPhase(Global.scala:453)
	at scala.tools.nsc.interactive.Global$TyperRun.$anonfun$applyPhase$1(Global.scala:1340)
	at scala.tools.nsc.interactive.Global$TyperRun.applyPhase(Global.scala:1340)
	at scala.tools.nsc.interactive.Global$TyperRun.typeCheck(Global.scala:1333)
	at scala.tools.nsc.interactive.Global.typeCheck(Global.scala:665)
	at scala.tools.nsc.interactive.Global.typedTreeAt(Global.scala:814)
	at scala.tools.nsc.interactive.Global.completionsAt(Global.scala:1225)
	at scala.meta.internal.pc.CompletionProvider.safeCompletionsAt(CompletionProvider.scala:369)
	at scala.meta.internal.pc.CompletionProvider.completions(CompletionProvider.scala:52)

Mar 04, 2020 8:19:07 PM scala.meta.internal.pc.CompilerAccess retryWithCleanCompiler
INFO: compiler crashed due to an error in the Scala compiler, retrying with new compiler instance.
Mar 04, 2020 8:19:07 PM scala.meta.internal.pc.CompilerAccess handleError
SEVERE: implicit class <error> extends  (of class scala.reflect.internal.Trees$ClassDef)
scala.MatchError: implicit class <error> extends  (of class scala.reflect.internal.Trees$ClassDef)
	at scala.tools.nsc.typechecker.Unapplies.constrParamss(Unapplies.scala:64)
	at scala.tools.nsc.typechecker.Unapplies.factoryMeth(Unapplies.scala:141)
	at scala.tools.nsc.typechecker.Unapplies.factoryMeth$(Unapplies.scala:138)
	at scala.meta.internal.pc.MetalsGlobal$MetalsInteractiveAnalyzer.factoryMeth(MetalsGlobal.scala:52)
	at scala.tools.nsc.typechecker.MethodSynthesis$MethodSynth.enterImplicitWrapper(MethodSynthesis.scala:229)
	at scala.tools.nsc.typechecker.MethodSynthesis$MethodSynth.enterImplicitWrapper$(MethodSynthesis.scala:228)
	at scala.tools.nsc.typechecker.Namers$Namer.enterImplicitWrapper(Namers.scala:58)
	at scala.tools.nsc.interactive.InteractiveAnalyzer$InteractiveNamer.enterExistingSym(Global.scala:94)
	at scala.tools.nsc.interactive.InteractiveAnalyzer$InteractiveNamer.enterExistingSym$(Global.scala:80)
	at scala.tools.nsc.interactive.InteractiveAnalyzer$$anon$2.enterExistingSym(Global.scala:51)
	at scala.tools.nsc.typechecker.Namers$Namer.standardEnterSym(Namers.scala:298)
	at scala.tools.nsc.typechecker.AnalyzerPlugins.pluginsEnterSym(AnalyzerPlugins.scala:479)
	at scala.tools.nsc.typechecker.AnalyzerPlugins.pluginsEnterSym$(AnalyzerPlugins.scala:478)
	at scala.meta.internal.pc.MetalsGlobal$MetalsInteractiveAnalyzer.pluginsEnterSym(MetalsGlobal.scala:52)
	at scala.tools.nsc.typechecker.Namers$Namer.enterSym(Namers.scala:272)
	at scala.tools.nsc.typechecker.Typers$Typer.enterSym(Typers.scala:1929)
	at scala.tools.nsc.typechecker.Typers$Typer.$anonfun$enterSyms$1(Typers.scala:1924)
	at scala.tools.nsc.typechecker.Typers$Typer.enterSyms(Typers.scala:1924)
	at scala.tools.nsc.typechecker.Typers$Typer.typedTemplate(Typers.scala:1986)
	at scala.tools.nsc.typechecker.Typers$Typer.typedModuleDef(Typers.scala:1879)
	at scala.tools.nsc.typechecker.Typers$Typer.typed1(Typers.scala:5637)
	at scala.tools.nsc.typechecker.Typers$Typer.typed(Typers.scala:5716)
	at scala.tools.nsc.typechecker.Typers$Typer.typedStat$1(Typers.scala:5780)
	at scala.tools.nsc.typechecker.Typers$Typer.$anonfun$typedStats$10(Typers.scala:3353)
	at scala.tools.nsc.typechecker.Typers$Typer.typedStats(Typers.scala:3353)
	at scala.tools.nsc.typechecker.Typers$Typer.typedPackageDef$1(Typers.scala:5346)
	at scala.tools.nsc.typechecker.Typers$Typer.typed1(Typers.scala:5639)
	at scala.tools.nsc.typechecker.Typers$Typer.typed(Typers.scala:5716)
	at scala.tools.nsc.typechecker.Analyzer$typerFactory$TyperPhase.apply(Analyzer.scala:114)
	at scala.tools.nsc.Global$GlobalPhase.applyPhase(Global.scala:453)
	at scala.tools.nsc.interactive.Global$TyperRun.$anonfun$applyPhase$1(Global.scala:1340)
	at scala.tools.nsc.interactive.Global$TyperRun.applyPhase(Global.scala:1340)
	at scala.tools.nsc.interactive.Global$TyperRun.typeCheck(Global.scala:1333)
	at scala.tools.nsc.interactive.Global.typeCheck(Global.scala:665)
	at scala.tools.nsc.interactive.Global.typedTreeAt(Global.scala:814)
	at scala.tools.nsc.interactive.Global.completionsAt(Global.scala:1225)
	at scala.meta.internal.pc.CompletionProvider.safeCompletionsAt(CompletionProvider.scala:369)
	at scala.meta.internal.pc.CompletionProvider.completions(CompletionProvider.scala:52)

WARN  no build tool detected in workspace 'C:\Users\It_Co\Documents\GitHub\scala\scala-the-big-picture'. The most common cause for this problem is that the editor was opened in the wrong working directory, for example if you use sbt then the workspace directory should contain build.sbt. 
WARN  no build tool detected in workspace 'C:\Users\It_Co\Documents\GitHub\scala\scala-the-big-picture'. The most common cause for this problem is that the editor was opened in the wrong working directory, for example if you use sbt then the workspace directory should contain build.sbt. 
WARN  no build tool detected in workspace 'C:\Users\It_Co\Documents\GitHub\scala\scala-the-big-picture'. The most common cause for this problem is that the editor was opened in the wrong working directory, for example if you use sbt then the workspace directory should contain build.sbt. 
WARN  no build tool detected in workspace 'C:\Users\It_Co\Documents\GitHub\scala\scala-the-big-picture'. The most common cause for this problem is that the editor was opened in the wrong working directory, for example if you use sbt then the workspace directory should contain build.sbt. 
WARN  no build target for: C:\Users\It_Co\Documents\GitHub\scala\scala-the-big-picture\src\first.scala
WARN  no build target for: C:\Users\It_Co\Documents\GitHub\scala\scala-the-big-picture\src\first.scala
WARN  no build target for: C:\Users\It_Co\Documents\GitHub\scala\scala-the-big-picture\src\first.scala
WARN  no build tool detected in workspace 'C:\Users\It_Co\Documents\GitHub\scala\scala-the-big-picture'. The most common cause for this problem is that the editor was opened in the wrong working directory, for example if you use sbt then the workspace directory should contain build.sbt. 
WARN  no build tool detected in workspace 'C:\Users\It_Co\Documents\GitHub\scala\scala-the-big-picture'. The most common cause for this problem is that the editor was opened in the wrong working directory, for example if you use sbt then the workspace directory should contain build.sbt. 
WARN  no build tool detected in workspace 'C:\Users\It_Co\Documents\GitHub\scala\scala-the-big-picture'. The most common cause for this problem is that the editor was opened in the wrong working directory, for example if you use sbt then the workspace directory should contain build.sbt. 
WARN  no build tool detected in workspace 'C:\Users\It_Co\Documents\GitHub\scala\scala-the-big-picture'. The most common cause for this problem is that the editor was opened in the wrong working directory, for example if you use sbt then the workspace directory should contain build.sbt. 
WARN  no build tool detected in workspace 'C:\Users\It_Co\Documents\GitHub\scala\scala-the-big-picture'. The most common cause for this problem is that the editor was opened in the wrong working directory, for example if you use sbt then the workspace directory should contain build.sbt. 
WARN  no build tool detected in workspace 'C:\Users\It_Co\Documents\GitHub\scala\scala-the-big-picture'. The most common cause for this problem is that the editor was opened in the wrong working directory, for example if you use sbt then the workspace directory should contain build.sbt. 
WARN  no build target for: C:\Users\It_Co\Documents\GitHub\scala\scala-the-big-picture\src\first.scala
WARN  no build tool detected in workspace 'C:\Users\It_Co\Documents\GitHub\scala\scala-the-big-picture'. The most common cause for this problem is that the editor was opened in the wrong working directory, for example if you use sbt then the workspace directory should contain build.sbt. 
WARN  no build tool detected in workspace 'C:\Users\It_Co\Documents\GitHub\scala\scala-the-big-picture'. The most common cause for this problem is that the editor was opened in the wrong working directory, for example if you use sbt then the workspace directory should contain build.sbt. 
WARN  no build tool detected in workspace 'C:\Users\It_Co\Documents\GitHub\scala\scala-the-big-picture'. The most common cause for this problem is that the editor was opened in the wrong working directory, for example if you use sbt then the workspace directory should contain build.sbt. 
WARN  no build tool detected in workspace 'C:\Users\It_Co\Documents\GitHub\scala\scala-the-big-picture'. The most common cause for this problem is that the editor was opened in the wrong working directory, for example if you use sbt then the workspace directory should contain build.sbt. 
WARN  no build tool detected in workspace 'C:\Users\It_Co\Documents\GitHub\scala\scala-the-big-picture'. The most common cause for this problem is that the editor was opened in the wrong working directory, for example if you use sbt then the workspace directory should contain build.sbt. 
WARN  no build tool detected in workspace 'C:\Users\It_Co\Documents\GitHub\scala\scala-the-big-picture'. The most common cause for this problem is that the editor was opened in the wrong working directory, for example if you use sbt then the workspace directory should contain build.sbt. 
WARN  no build tool detected in workspace 'C:\Users\It_Co\Documents\GitHub\scala\scala-the-big-picture'. The most common cause for this problem is that the editor was opened in the wrong working directory, for example if you use sbt then the workspace directory should contain build.sbt. 
WARN  no build tool detected in workspace 'C:\Users\It_Co\Documents\GitHub\scala\scala-the-big-picture'. The most common cause for this problem is that the editor was opened in the wrong working directory, for example if you use sbt then the workspace directory should contain build.sbt. 
WARN  no build tool detected in workspace 'C:\Users\It_Co\Documents\GitHub\scala\scala-the-big-picture'. The most common cause for this problem is that the editor was opened in the wrong working directory, for example if you use sbt then the workspace directory should contain build.sbt. 
WARN  no build tool detected in workspace 'C:\Users\It_Co\Documents\GitHub\scala\scala-the-big-picture'. The most common cause for this problem is that the editor was opened in the wrong working directory, for example if you use sbt then the workspace directory should contain build.sbt. 
WARN  no build tool detected in workspace 'C:\Users\It_Co\Documents\GitHub\scala\scala-the-big-picture'. The most common cause for this problem is that the editor was opened in the wrong working directory, for example if you use sbt then the workspace directory should contain build.sbt. 
WARN  no build tool detected in workspace 'C:\Users\It_Co\Documents\GitHub\scala\scala-the-big-picture'. The most common cause for this problem is that the editor was opened in the wrong working directory, for example if you use sbt then the workspace directory should contain build.sbt. 
WARN  no build tool detected in workspace 'C:\Users\It_Co\Documents\GitHub\scala\scala-the-big-picture'. The most common cause for this problem is that the editor was opened in the wrong working directory, for example if you use sbt then the workspace directory should contain build.sbt. 
WARN  no build tool detected in workspace 'C:\Users\It_Co\Documents\GitHub\scala\scala-the-big-picture'. The most common cause for this problem is that the editor was opened in the wrong working directory, for example if you use sbt then the workspace directory should contain build.sbt. 
WARN  no build tool detected in workspace 'C:\Users\It_Co\Documents\GitHub\scala\scala-the-big-picture'. The most common cause for this problem is that the editor was opened in the wrong working directory, for example if you use sbt then the workspace directory should contain build.sbt. 
WARN  no build tool detected in workspace 'C:\Users\It_Co\Documents\GitHub\scala\scala-the-big-picture'. The most common cause for this problem is that the editor was opened in the wrong working directory, for example if you use sbt then the workspace directory should contain build.sbt. 
WARN  no build tool detected in workspace 'C:\Users\It_Co\Documents\GitHub\scala\scala-the-big-picture'. The most common cause for this problem is that the editor was opened in the wrong working directory, for example if you use sbt then the workspace directory should contain build.sbt. 
WARN  no build tool detected in workspace 'C:\Users\It_Co\Documents\GitHub\scala\scala-the-big-picture'. The most common cause for this problem is that the editor was opened in the wrong working directory, for example if you use sbt then the workspace directory should contain build.sbt. 
WARN  no build target for: C:\Users\It_Co\Documents\GitHub\scala\scala-the-big-picture\src\first.scala
WARN  no build target for: C:\Users\It_Co\Documents\GitHub\scala\scala-the-big-picture\src\first.scala
WARN  no build tool detected in workspace 'C:\Users\It_Co\Documents\GitHub\scala\scala-the-big-picture'. The most common cause for this problem is that the editor was opened in the wrong working directory, for example if you use sbt then the workspace directory should contain build.sbt. 
WARN  no build tool detected in workspace 'C:\Users\It_Co\Documents\GitHub\scala\scala-the-big-picture'. The most common cause for this problem is that the editor was opened in the wrong working directory, for example if you use sbt then the workspace directory should contain build.sbt. 
WARN  no build tool detected in workspace 'C:\Users\It_Co\Documents\GitHub\scala\scala-the-big-picture'. The most common cause for this problem is that the editor was opened in the wrong working directory, for example if you use sbt then the workspace directory should contain build.sbt. 
WARN  no build tool detected in workspace 'C:\Users\It_Co\Documents\GitHub\scala\scala-the-big-picture'. The most common cause for this problem is that the editor was opened in the wrong working directory, for example if you use sbt then the workspace directory should contain build.sbt. 
WARN  no build tool detected in workspace 'C:\Users\It_Co\Documents\GitHub\scala\scala-the-big-picture'. The most common cause for this problem is that the editor was opened in the wrong working directory, for example if you use sbt then the workspace directory should contain build.sbt. 
WARN  no build tool detected in workspace 'C:\Users\It_Co\Documents\GitHub\scala\scala-the-big-picture'. The most common cause for this problem is that the editor was opened in the wrong working directory, for example if you use sbt then the workspace directory should contain build.sbt. 
WARN  no build tool detected in workspace 'C:\Users\It_Co\Documents\GitHub\scala\scala-the-big-picture'. The most common cause for this problem is that the editor was opened in the wrong working directory, for example if you use sbt then the workspace directory should contain build.sbt. 
WARN  no build tool detected in workspace 'C:\Users\It_Co\Documents\GitHub\scala\scala-the-big-picture'. The most common cause for this problem is that the editor was opened in the wrong working directory, for example if you use sbt then the workspace directory should contain build.sbt. 
WARN  no build tool detected in workspace 'C:\Users\It_Co\Documents\GitHub\scala\scala-the-big-picture'. The most common cause for this problem is that the editor was opened in the wrong working directory, for example if you use sbt then the workspace directory should contain build.sbt. 
WARN  no build tool detected in workspace 'C:\Users\It_Co\Documents\GitHub\scala\scala-the-big-picture'. The most common cause for this problem is that the editor was opened in the wrong working directory, for example if you use sbt then the workspace directory should contain build.sbt. 
WARN  no build tool detected in workspace 'C:\Users\It_Co\Documents\GitHub\scala\scala-the-big-picture'. The most common cause for this problem is that the editor was opened in the wrong working directory, for example if you use sbt then the workspace directory should contain build.sbt. 
WARN  no build tool detected in workspace 'C:\Users\It_Co\Documents\GitHub\scala\scala-the-big-picture'. The most common cause for this problem is that the editor was opened in the wrong working directory, for example if you use sbt then the workspace directory should contain build.sbt. 
WARN  no build tool detected in workspace 'C:\Users\It_Co\Documents\GitHub\scala\scala-the-big-picture'. The most common cause for this problem is that the editor was opened in the wrong working directory, for example if you use sbt then the workspace directory should contain build.sbt. 
WARN  no build tool detected in workspace 'C:\Users\It_Co\Documents\GitHub\scala\scala-the-big-picture'. The most common cause for this problem is that the editor was opened in the wrong working directory, for example if you use sbt then the workspace directory should contain build.sbt. 
WARN  no build tool detected in workspace 'C:\Users\It_Co\Documents\GitHub\scala\scala-the-big-picture'. The most common cause for this problem is that the editor was opened in the wrong working directory, for example if you use sbt then the workspace directory should contain build.sbt. 
WARN  no build tool detected in workspace 'C:\Users\It_Co\Documents\GitHub\scala\scala-the-big-picture'. The most common cause for this problem is that the editor was opened in the wrong working directory, for example if you use sbt then the workspace directory should contain build.sbt. 
WARN  no build tool detected in workspace 'C:\Users\It_Co\Documents\GitHub\scala\scala-the-big-picture'. The most common cause for this problem is that the editor was opened in the wrong working directory, for example if you use sbt then the workspace directory should contain build.sbt. 
WARN  no build tool detected in workspace 'C:\Users\It_Co\Documents\GitHub\scala\scala-the-big-picture'. The most common cause for this problem is that the editor was opened in the wrong working directory, for example if you use sbt then the workspace directory should contain build.sbt. 
WARN  no build tool detected in workspace 'C:\Users\It_Co\Documents\GitHub\scala\scala-the-big-picture'. The most common cause for this problem is that the editor was opened in the wrong working directory, for example if you use sbt then the workspace directory should contain build.sbt. 
WARN  no build tool detected in workspace 'C:\Users\It_Co\Documents\GitHub\scala\scala-the-big-picture'. The most common cause for this problem is that the editor was opened in the wrong working directory, for example if you use sbt then the workspace directory should contain build.sbt. 
WARN  no build tool detected in workspace 'C:\Users\It_Co\Documents\GitHub\scala\scala-the-big-picture'. The most common cause for this problem is that the editor was opened in the wrong working directory, for example if you use sbt then the workspace directory should contain build.sbt. 
WARN  no build tool detected in workspace 'C:\Users\It_Co\Documents\GitHub\scala\scala-the-big-picture'. The most common cause for this problem is that the editor was opened in the wrong working directory, for example if you use sbt then the workspace directory should contain build.sbt. 
WARN  no build tool detected in workspace 'C:\Users\It_Co\Documents\GitHub\scala\scala-the-big-picture'. The most common cause for this problem is that the editor was opened in the wrong working directory, for example if you use sbt then the workspace directory should contain build.sbt. 
WARN  no build tool detected in workspace 'C:\Users\It_Co\Documents\GitHub\scala\scala-the-big-picture'. The most common cause for this problem is that the editor was opened in the wrong working directory, for example if you use sbt then the workspace directory should contain build.sbt. 
WARN  no build tool detected in workspace 'C:\Users\It_Co\Documents\GitHub\scala\scala-the-big-picture'. The most common cause for this problem is that the editor was opened in the wrong working directory, for example if you use sbt then the workspace directory should contain build.sbt. 
WARN  no build tool detected in workspace 'C:\Users\It_Co\Documents\GitHub\scala\scala-the-big-picture'. The most common cause for this problem is that the editor was opened in the wrong working directory, for example if you use sbt then the workspace directory should contain build.sbt. 
WARN  no build target for: C:\Users\It_Co\Documents\GitHub\scala\scala-the-big-picture\src\first.scala
WARN  no build target for: C:\Users\It_Co\Documents\GitHub\scala\scala-the-big-picture\src\first.scala
WARN  no build tool detected in workspace 'C:\Users\It_Co\Documents\GitHub\scala\scala-the-big-picture'. The most common cause for this problem is that the editor was opened in the wrong working directory, for example if you use sbt then the workspace directory should contain build.sbt. 
WARN  no build tool detected in workspace 'C:\Users\It_Co\Documents\GitHub\scala\scala-the-big-picture'. The most common cause for this problem is that the editor was opened in the wrong working directory, for example if you use sbt then the workspace directory should contain build.sbt. 
WARN  no build tool detected in workspace 'C:\Users\It_Co\Documents\GitHub\scala\scala-the-big-picture'. The most common cause for this problem is that the editor was opened in the wrong working directory, for example if you use sbt then the workspace directory should contain build.sbt. 
WARN  no build tool detected in workspace 'C:\Users\It_Co\Documents\GitHub\scala\scala-the-big-picture'. The most common cause for this problem is that the editor was opened in the wrong working directory, for example if you use sbt then the workspace directory should contain build.sbt. 
WARN  no build target for: C:\Users\It_Co\Documents\GitHub\scala\scala-the-big-picture\src\first.scala
WARN  no build tool detected in workspace 'C:\Users\It_Co\Documents\GitHub\scala\scala-the-big-picture'. The most common cause for this problem is that the editor was opened in the wrong working directory, for example if you use sbt then the workspace directory should contain build.sbt. 
WARN  no build tool detected in workspace 'C:\Users\It_Co\Documents\GitHub\scala\scala-the-big-picture'. The most common cause for this problem is that the editor was opened in the wrong working directory, for example if you use sbt then the workspace directory should contain build.sbt. 
WARN  no build tool detected in workspace 'C:\Users\It_Co\Documents\GitHub\scala\scala-the-big-picture'. The most common cause for this problem is that the editor was opened in the wrong working directory, for example if you use sbt then the workspace directory should contain build.sbt. 
WARN  no build tool detected in workspace 'C:\Users\It_Co\Documents\GitHub\scala\scala-the-big-picture'. The most common cause for this problem is that the editor was opened in the wrong working directory, for example if you use sbt then the workspace directory should contain build.sbt. 
WARN  no build tool detected in workspace 'C:\Users\It_Co\Documents\GitHub\scala\scala-the-big-picture'. The most common cause for this problem is that the editor was opened in the wrong working directory, for example if you use sbt then the workspace directory should contain build.sbt. 
WARN  no build tool detected in workspace 'C:\Users\It_Co\Documents\GitHub\scala\scala-the-big-picture'. The most common cause for this problem is that the editor was opened in the wrong working directory, for example if you use sbt then the workspace directory should contain build.sbt. 
WARN  no build tool detected in workspace 'C:\Users\It_Co\Documents\GitHub\scala\scala-the-big-picture'. The most common cause for this problem is that the editor was opened in the wrong working directory, for example if you use sbt then the workspace directory should contain build.sbt. 
WARN  no build tool detected in workspace 'C:\Users\It_Co\Documents\GitHub\scala\scala-the-big-picture'. The most common cause for this problem is that the editor was opened in the wrong working directory, for example if you use sbt then the workspace directory should contain build.sbt. 
WARN  no build tool detected in workspace 'C:\Users\It_Co\Documents\GitHub\scala\scala-the-big-picture'. The most common cause for this problem is that the editor was opened in the wrong working directory, for example if you use sbt then the workspace directory should contain build.sbt. 
WARN  no build tool detected in workspace 'C:\Users\It_Co\Documents\GitHub\scala\scala-the-big-picture'. The most common cause for this problem is that the editor was opened in the wrong working directory, for example if you use sbt then the workspace directory should contain build.sbt. 
WARN  no build tool detected in workspace 'C:\Users\It_Co\Documents\GitHub\scala\scala-the-big-picture'. The most common cause for this problem is that the editor was opened in the wrong working directory, for example if you use sbt then the workspace directory should contain build.sbt. 
WARN  no build tool detected in workspace 'C:\Users\It_Co\Documents\GitHub\scala\scala-the-big-picture'. The most common cause for this problem is that the editor was opened in the wrong working directory, for example if you use sbt then the workspace directory should contain build.sbt. 
WARN  no build target for: C:\Users\It_Co\Documents\GitHub\scala\scala-the-big-picture\src\first.scala
WARN  no build tool detected in workspace 'C:\Users\It_Co\Documents\GitHub\scala\scala-the-big-picture'. The most common cause for this problem is that the editor was opened in the wrong working directory, for example if you use sbt then the workspace directory should contain build.sbt. 
WARN  no build tool detected in workspace 'C:\Users\It_Co\Documents\GitHub\scala\scala-the-big-picture'. The most common cause for this problem is that the editor was opened in the wrong working directory, for example if you use sbt then the workspace directory should contain build.sbt. 
WARN  no build target for: C:\Users\It_Co\Documents\GitHub\scala\scala-the-big-picture\src\first.scala
WARN  no build tool detected in workspace 'C:\Users\It_Co\Documents\GitHub\scala\scala-the-big-picture'. The most common cause for this problem is that the editor was opened in the wrong working directory, for example if you use sbt then the workspace directory should contain build.sbt. 
WARN  no build tool detected in workspace 'C:\Users\It_Co\Documents\GitHub\scala\scala-the-big-picture'. The most common cause for this problem is that the editor was opened in the wrong working directory, for example if you use sbt then the workspace directory should contain build.sbt. 
WARN  no build tool detected in workspace 'C:\Users\It_Co\Documents\GitHub\scala\scala-the-big-picture'. The most common cause for this problem is that the editor was opened in the wrong working directory, for example if you use sbt then the workspace directory should contain build.sbt. 
WARN  no build tool detected in workspace 'C:\Users\It_Co\Documents\GitHub\scala\scala-the-big-picture'. The most common cause for this problem is that the editor was opened in the wrong working directory, for example if you use sbt then the workspace directory should contain build.sbt. 
INFO  shutting down Metals
